INFO:root:Detecting song's tempo with method LibrosaTempoDetector
INFO:root:Detecting song's tempo with method LibrosaTempoDetector
INFO:root:Detecting song's tempo with method LibrosaTempoDetector
INFO:root:Good tempo detection - acc1! 125.0 - ..\dataset\genres\blues\blues.00000.wav: [123.046875]
INFO:root:Detecting song's tempo with method LibrosaTempoDetector
INFO:root:Exptected 68.0 but detect [107.66601562] - ..\dataset\genres\blues\blues.00001.wav
INFO:root:Detecting song's tempo with method LibrosaTempoDetector
INFO:root:Exptected 157.0 but detect [161.49902344] - ..\dataset\genres\blues\blues.00002.wav
INFO:root:Detecting song's tempo with method LibrosaTempoDetector
INFO:root:Exptected 62.0 but detect [172.265625] - ..\dataset\genres\blues\blues.00003.wav
INFO:root:Detecting song's tempo with method LibrosaTempoDetector
INFO:root:Exptected 132.0 but detect [135.99917763] - ..\dataset\genres\blues\blues.00004.wav
INFO:root:Detecting song's tempo with method LibrosaTempoDetector
INFO:root:Detecting song's tempo with method LibrosaTempoDetector
INFO:root:Good tempo detection - acc1! 125.0 - ..\dataset\genres\blues\blues.00000.wav: 123.046875
INFO:root:Detecting song's tempo with method LibrosaTempoDetector
INFO:root:Exptected 68.0 but detect 107.666015625 - ..\dataset\genres\blues\blues.00001.wav
INFO:root:Detecting song's tempo with method LibrosaTempoDetector
INFO:root:Exptected 157.0 but detect 161.4990234375 - ..\dataset\genres\blues\blues.00002.wav
INFO:root:Detecting song's tempo with method LibrosaTempoDetector
INFO:root:Exptected 62.0 but detect 172.265625 - ..\dataset\genres\blues\blues.00003.wav
INFO:root:Detecting song's tempo with method LibrosaTempoDetector
INFO:root:Exptected 132.0 but detect 135.99917763157896 - ..\dataset\genres\blues\blues.00004.wav
INFO:root:Detecting song's tempo with method LibrosaTempoDetector
INFO:root:Exptected 69.0 but detect 112.34714673913044 - ..\dataset\genres\blues\blues.00005.wav
INFO:root:Detecting song's tempo with method LibrosaTempoDetector
INFO:root:Exptected 72.0 but detect 123.046875 - ..\dataset\genres\blues\blues.00006.wav
INFO:root:Detecting song's tempo with method LibrosaTempoDetector
INFO:root:Good tempo detection - acc1! 92.0 - ..\dataset\genres\blues\blues.00007.wav: 92.28515625
INFO:root:Detecting song's tempo with method LibrosaTempoDetector
INFO:root:Good tempo detection - acc2! 168.0 - ..\dataset\genres\blues\blues.00008.wav: 83.35433467741936
INFO:root:Detecting song's tempo with method LibrosaTempoDetector
INFO:root:Exptected 82.0 but detect 129.19921875 - ..\dataset\genres\blues\blues.00009.wav
INFO:root:Detecting song's tempo with method LibrosaTempoDetector
INFO:root:Good tempo detection - acc1! 95.0 - ..\dataset\genres\classical\classical.00000.wav: 95.703125
INFO:root:Detecting song's tempo with method LibrosaTempoDetector
INFO:root:Exptected 38.0 but detect 117.45383522727273 - ..\dataset\genres\classical\classical.00001.wav
INFO:root:Detecting song's tempo with method LibrosaTempoDetector
INFO:root:Good tempo detection - acc1! 99.0 - ..\dataset\genres\classical\classical.00002.wav: 99.38401442307692
INFO:root:Detecting song's tempo with method LibrosaTempoDetector
INFO:root:Exptected 66.0 but detect 135.99917763157896 - ..\dataset\genres\classical\classical.00003.wav
INFO:root:Detecting song's tempo with method LibrosaTempoDetector
INFO:root:Exptected 82.0 but detect 107.666015625 - ..\dataset\genres\classical\classical.00004.wav
INFO:root:Detecting song's tempo with method LibrosaTempoDetector
INFO:root:Exptected 140.0 but detect 143.5546875 - ..\dataset\genres\classical\classical.00005.wav
INFO:root:Detecting song's tempo with method LibrosaTempoDetector
INFO:root:Exptected 92.0 but detect 103.359375 - ..\dataset\genres\classical\classical.00006.wav
INFO:root:Detecting song's tempo with method LibrosaTempoDetector
INFO:root:Exptected 71.0 but detect 107.666015625 - ..\dataset\genres\classical\classical.00007.wav
INFO:root:Detecting song's tempo with method LibrosaTempoDetector
INFO:root:Good tempo detection - acc1! 136.0 - ..\dataset\genres\classical\classical.00008.wav: 135.99917763157896
INFO:root:Detecting song's tempo with method LibrosaTempoDetector
INFO:root:Exptected 57.0 but detect 129.19921875 - ..\dataset\genres\classical\classical.00009.wav
INFO:root:Detecting song's tempo with method LibrosaTempoDetector
