INFO:root:Detecting song's tempo with method CombFilterTempoDetector
INFO:root:Good tempo detection - acc1! 125.0 - ..\dataset\genres\blues\blues.00000.wav: 125
INFO:root:Detecting song's tempo with method CombFilterTempoDetector
INFO:root:Exptected 68.0 but detect 202 - ..\dataset\genres\blues\blues.00001.wav
INFO:root:Detecting song's tempo with method CombFilterTempoDetector
INFO:root:Good tempo detection - acc1! 157.0 - ..\dataset\genres\blues\blues.00002.wav: 157
INFO:root:Detecting song's tempo with method CombFilterTempoDetector
INFO:root:Good tempo detection - acc1! 62.0 - ..\dataset\genres\blues\blues.00003.wav: 62
INFO:root:Detecting song's tempo with method CombFilterTempoDetector
INFO:root:Good tempo detection - acc1! 132.0 - ..\dataset\genres\blues\blues.00004.wav: 134
INFO:root:Detecting song's tempo with method CombFilterTempoDetector
INFO:root:Exptected 69.0 but detect 208 - ..\dataset\genres\blues\blues.00005.wav
INFO:root:Detecting song's tempo with method CombFilterTempoDetector
INFO:root:Exptected 72.0 but detect 150 - ..\dataset\genres\blues\blues.00006.wav
INFO:root:Detecting song's tempo with method CombFilterTempoDetector
INFO:root:Exptected 92.0 but detect 95 - ..\dataset\genres\blues\blues.00007.wav
INFO:root:Detecting song's tempo with method CombFilterTempoDetector
INFO:root:Good tempo detection - acc1! 168.0 - ..\dataset\genres\blues\blues.00008.wav: 167
INFO:root:Detecting song's tempo with method CombFilterTempoDetector
INFO:root:Exptected 82.0 but detect 100 - ..\dataset\genres\blues\blues.00009.wav
INFO:root:Detecting song's tempo with method CombFilterTempoDetector
INFO:root:Good tempo detection - acc1! 95.0 - ..\dataset\genres\classical\classical.00000.wav: 94
INFO:root:Detecting song's tempo with method CombFilterTempoDetector
INFO:root:Good tempo detection - acc2! 38.0 - ..\dataset\genres\classical\classical.00001.wav: 77
INFO:root:Detecting song's tempo with method CombFilterTempoDetector
INFO:root:Good tempo detection - acc2! 99.0 - ..\dataset\genres\classical\classical.00002.wav: 197
INFO:root:Detecting song's tempo with method CombFilterTempoDetector
INFO:root:Exptected 66.0 but detect 228 - ..\dataset\genres\classical\classical.00003.wav
INFO:root:Detecting song's tempo with method CombFilterTempoDetector
INFO:root:Good tempo detection - acc1! 82.0 - ..\dataset\genres\classical\classical.00004.wav: 82
INFO:root:Detecting song's tempo with method CombFilterTempoDetector
INFO:root:Exptected 140.0 but detect 144 - ..\dataset\genres\classical\classical.00005.wav
INFO:root:Detecting song's tempo with method CombFilterTempoDetector
INFO:root:Exptected 92.0 but detect 234 - ..\dataset\genres\classical\classical.00006.wav
INFO:root:Detecting song's tempo with method CombFilterTempoDetector
INFO:root:Exptected 71.0 but detect 219 - ..\dataset\genres\classical\classical.00007.wav
INFO:root:Detecting song's tempo with method CombFilterTempoDetector
INFO:root:Exptected 136.0 but detect 139 - ..\dataset\genres\classical\classical.00008.wav
INFO:root:Detecting song's tempo with method CombFilterTempoDetector
INFO:root:Exptected 57.0 but detect 225 - ..\dataset\genres\classical\classical.00009.wav
INFO:root:Detecting song's tempo with method CombFilterTempoDetector
INFO:root:Exptected 85.0 but detect 235 - ..\dataset\genres\country\country.00000.wav
INFO:root:Detecting song's tempo with method CombFilterTempoDetector
INFO:root:Good tempo detection - acc1! 130.0 - ..\dataset\genres\country\country.00001.wav: 130
INFO:root:Detecting song's tempo with method CombFilterTempoDetector
INFO:root:Good tempo detection - acc1! 83.0 - ..\dataset\genres\country\country.00002.wav: 82
INFO:root:Detecting song's tempo with method CombFilterTempoDetector
