INFO:root:Detecting song's tempo with method CombFilterTempoDetector
INFO:root:Good tempo detection - acc1! 125.0 - ..\dataset\genres\blues\blues.00000.wav: 125
INFO:root:Detecting song's tempo with method CombFilterTempoDetector
INFO:root:Exptected 68.0 but detect 205 - ..\dataset\genres\blues\blues.00001.wav
INFO:root:Detecting song's tempo with method CombFilterTempoDetector
INFO:root:Good tempo detection - acc1! 157.0 - ..\dataset\genres\blues\blues.00002.wav: 157
INFO:root:Detecting song's tempo with method CombFilterTempoDetector
INFO:root:Good tempo detection - acc2! 62.0 - ..\dataset\genres\blues\blues.00003.wav: 125
INFO:root:Detecting song's tempo with method CombFilterTempoDetector
INFO:root:Good tempo detection - acc2! 132.0 - ..\dataset\genres\blues\blues.00004.wav: 67
INFO:root:Detecting song's tempo with method CombFilterTempoDetector
INFO:root:Exptected 69.0 but detect 102 - ..\dataset\genres\blues\blues.00005.wav
INFO:root:Detecting song's tempo with method CombFilterTempoDetector
INFO:root:Exptected 72.0 but detect 155 - ..\dataset\genres\blues\blues.00006.wav
INFO:root:Detecting song's tempo with method CombFilterTempoDetector
INFO:root:Exptected 92.0 but detect 95 - ..\dataset\genres\blues\blues.00007.wav
INFO:root:Detecting song's tempo with method CombFilterTempoDetector
INFO:root:Good tempo detection - acc1! 168.0 - ..\dataset\genres\blues\blues.00008.wav: 169
INFO:root:Detecting song's tempo with method CombFilterTempoDetector
INFO:root:Exptected 82.0 but detect 229 - ..\dataset\genres\blues\blues.00009.wav
INFO:root:Detecting song's tempo with method CombFilterTempoDetector
INFO:root:Good tempo detection - acc1! 95.0 - ..\dataset\genres\classical\classical.00000.wav: 95
INFO:root:Detecting song's tempo with method CombFilterTempoDetector
INFO:root:Exptected 38.0 but detect 65 - ..\dataset\genres\classical\classical.00001.wav
INFO:root:Detecting song's tempo with method CombFilterTempoDetector
INFO:root:Good tempo detection - acc2! 99.0 - ..\dataset\genres\classical\classical.00002.wav: 198
INFO:root:Detecting song's tempo with method CombFilterTempoDetector
INFO:root:Exptected 66.0 but detect 221 - ..\dataset\genres\classical\classical.00003.wav
INFO:root:Detecting song's tempo with method CombFilterTempoDetector
INFO:root:Good tempo detection - acc2! 82.0 - ..\dataset\genres\classical\classical.00004.wav: 163
INFO:root:Detecting song's tempo with method CombFilterTempoDetector
INFO:root:Exptected 140.0 but detect 145 - ..\dataset\genres\classical\classical.00005.wav
INFO:root:Detecting song's tempo with method CombFilterTempoDetector
INFO:root:Exptected 92.0 but detect 96 - ..\dataset\genres\classical\classical.00006.wav
INFO:root:Detecting song's tempo with method CombFilterTempoDetector
INFO:root:Exptected 71.0 but detect 223 - ..\dataset\genres\classical\classical.00007.wav
INFO:root:Detecting song's tempo with method CombFilterTempoDetector
INFO:root:Good tempo detection - acc1! 136.0 - ..\dataset\genres\classical\classical.00008.wav: 136
INFO:root:Detecting song's tempo with method CombFilterTempoDetector
INFO:root:Exptected 57.0 but detect 236 - ..\dataset\genres\classical\classical.00009.wav
INFO:root:Detecting song's tempo with method CombFilterTempoDetector
INFO:root:Exptected 85.0 but detect 235 - ..\dataset\genres\country\country.00000.wav
INFO:root:Detecting song's tempo with method CombFilterTempoDetector
INFO:root:Good tempo detection - acc1! 130.0 - ..\dataset\genres\country\country.00001.wav: 130
INFO:root:Detecting song's tempo with method CombFilterTempoDetector
INFO:root:Good tempo detection - acc2! 83.0 - ..\dataset\genres\country\country.00002.wav: 165
INFO:root:Detecting song's tempo with method CombFilterTempoDetector
INFO:root:Good tempo detection - acc1! 80.0 - ..\dataset\genres\country\country.00003.wav: 80
INFO:root:Detecting song's tempo with method CombFilterTempoDetector
INFO:root:Exptected 120.0 but detect 115 - ..\dataset\genres\country\country.00004.wav
INFO:root:Detecting song's tempo with method CombFilterTempoDetector
INFO:root:Good tempo detection - acc2! 131.0 - ..\dataset\genres\country\country.00005.wav: 65
INFO:root:Detecting song's tempo with method CombFilterTempoDetector
INFO:root:Good tempo detection - acc2! 112.0 - ..\dataset\genres\country\country.00006.wav: 223
INFO:root:Detecting song's tempo with method CombFilterTempoDetector
INFO:root:Exptected 50.0 but detect 112 - ..\dataset\genres\country\country.00007.wav
INFO:root:Detecting song's tempo with method CombFilterTempoDetector
INFO:root:Exptected 66.0 but detect 210 - ..\dataset\genres\country\country.00008.wav
INFO:root:Detecting song's tempo with method CombFilterTempoDetector
INFO:root:Good tempo detection - acc1! 97.0 - ..\dataset\genres\country\country.00009.wav: 97
INFO:root:Detecting song's tempo with method CombFilterTempoDetector
INFO:root:Good tempo detection - acc1! 116.0 - ..\dataset\genres\disco\disco.00000.wav: 115
INFO:root:Detecting song's tempo with method CombFilterTempoDetector
INFO:root:Good tempo detection - acc1! 117.0 - ..\dataset\genres\disco\disco.00001.wav: 117
INFO:root:Detecting song's tempo with method CombFilterTempoDetector
INFO:root:Good tempo detection - acc1! 115.0 - ..\dataset\genres\disco\disco.00002.wav: 115
INFO:root:Detecting song's tempo with method CombFilterTempoDetector
INFO:root:Good tempo detection - acc1! 127.0 - ..\dataset\genres\disco\disco.00003.wav: 126
INFO:root:Detecting song's tempo with method CombFilterTempoDetector
INFO:root:Exptected 118.0 but detect 121 - ..\dataset\genres\disco\disco.00004.wav
INFO:root:Detecting song's tempo with method CombFilterTempoDetector
INFO:root:Good tempo detection - acc1! 108.0 - ..\dataset\genres\disco\disco.00005.wav: 108
INFO:root:Detecting song's tempo with method CombFilterTempoDetector
INFO:root:Good tempo detection - acc1! 124.0 - ..\dataset\genres\disco\disco.00006.wav: 124
INFO:root:Detecting song's tempo with method CombFilterTempoDetector
INFO:root:Good tempo detection - acc1! 130.0 - ..\dataset\genres\disco\disco.00007.wav: 129
INFO:root:Detecting song's tempo with method CombFilterTempoDetector
INFO:root:Good tempo detection - acc1! 122.0 - ..\dataset\genres\disco\disco.00008.wav: 121
INFO:root:Detecting song's tempo with method CombFilterTempoDetector
INFO:root:Good tempo detection - acc1! 130.0 - ..\dataset\genres\disco\disco.00009.wav: 129
INFO:root:Detecting song's tempo with method CombFilterTempoDetector
INFO:root:Exptected 121.0 but detect 95 - ..\dataset\genres\hiphop\hiphop.00000.wav
INFO:root:Detecting song's tempo with method CombFilterTempoDetector
INFO:root:Good tempo detection - acc2! 92.0 - ..\dataset\genres\hiphop\hiphop.00001.wav: 182
INFO:root:Detecting song's tempo with method CombFilterTempoDetector
INFO:root:Exptected 102.0 but detect 99 - ..\dataset\genres\hiphop\hiphop.00002.wav
INFO:root:Detecting song's tempo with method CombFilterTempoDetector
INFO:root:Good tempo detection - acc2! 94.0 - ..\dataset\genres\hiphop\hiphop.00003.wav: 186
INFO:root:Detecting song's tempo with method CombFilterTempoDetector
INFO:root:Exptected 97.0 but detect 145 - ..\dataset\genres\hiphop\hiphop.00004.wav
INFO:root:Detecting song's tempo with method CombFilterTempoDetector
INFO:root:Good tempo detection - acc2! 143.0 - ..\dataset\genres\hiphop\hiphop.00005.wav: 71
INFO:root:Detecting song's tempo with method CombFilterTempoDetector
INFO:root:Good tempo detection - acc1! 102.0 - ..\dataset\genres\hiphop\hiphop.00006.wav: 100
INFO:root:Detecting song's tempo with method CombFilterTempoDetector
INFO:root:Good tempo detection - acc2! 122.0 - ..\dataset\genres\hiphop\hiphop.00007.wav: 60
INFO:root:Detecting song's tempo with method CombFilterTempoDetector
INFO:root:Good tempo detection - acc2! 85.0 - ..\dataset\genres\hiphop\hiphop.00008.wav: 169
INFO:root:Detecting song's tempo with method CombFilterTempoDetector
INFO:root:Exptected 103.0 but detect 185 - ..\dataset\genres\hiphop\hiphop.00009.wav
INFO:root:Detecting song's tempo with method CombFilterTempoDetector
INFO:root:Exptected 125.0 but detect 156 - ..\dataset\genres\jazz\jazz.00000.wav
INFO:root:Detecting song's tempo with method CombFilterTempoDetector
INFO:root:Exptected 137.0 but detect 232 - ..\dataset\genres\jazz\jazz.00001.wav
INFO:root:Detecting song's tempo with method CombFilterTempoDetector
INFO:root:Exptected 99.0 but detect 145 - ..\dataset\genres\jazz\jazz.00002.wav
INFO:root:Detecting song's tempo with method CombFilterTempoDetector
INFO:root:Exptected 68.0 but detect 64 - ..\dataset\genres\jazz\jazz.00003.wav
INFO:root:Detecting song's tempo with method CombFilterTempoDetector
INFO:root:Exptected 63.0 but detect 230 - ..\dataset\genres\jazz\jazz.00004.wav
INFO:root:Detecting song's tempo with method CombFilterTempoDetector
INFO:root:Good tempo detection - acc1! 108.0 - ..\dataset\genres\jazz\jazz.00005.wav: 109
INFO:root:Detecting song's tempo with method CombFilterTempoDetector
INFO:root:Good tempo detection - acc1! 132.0 - ..\dataset\genres\jazz\jazz.00006.wav: 134
INFO:root:Detecting song's tempo with method CombFilterTempoDetector
INFO:root:Exptected 62.0 but detect 238 - ..\dataset\genres\jazz\jazz.00007.wav
INFO:root:Detecting song's tempo with method CombFilterTempoDetector
INFO:root:Good tempo detection - acc1! 108.0 - ..\dataset\genres\jazz\jazz.00008.wav: 110
INFO:root:Detecting song's tempo with method CombFilterTempoDetector
INFO:root:Exptected 114.0 but detect 70 - ..\dataset\genres\jazz\jazz.00009.wav
INFO:root:Detecting song's tempo with method CombFilterTempoDetector
INFO:root:Exptected 94.0 but detect 124 - ..\dataset\genres\metal\metal.00000.wav
INFO:root:Detecting song's tempo with method CombFilterTempoDetector
INFO:root:Good tempo detection - acc1! 158.0 - ..\dataset\genres\metal\metal.00001.wav: 156
INFO:root:Detecting song's tempo with method CombFilterTempoDetector
INFO:root:Good tempo detection - acc1! 112.0 - ..\dataset\genres\metal\metal.00002.wav: 112
INFO:root:Detecting song's tempo with method CombFilterTempoDetector
INFO:root:Good tempo detection - acc1! 98.0 - ..\dataset\genres\metal\metal.00003.wav: 99
INFO:root:Detecting song's tempo with method CombFilterTempoDetector
INFO:root:Exptected 135.0 but detect 140 - ..\dataset\genres\metal\metal.00004.wav
INFO:root:Detecting song's tempo with method CombFilterTempoDetector
INFO:root:Good tempo detection - acc1! 154.0 - ..\dataset\genres\metal\metal.00005.wav: 154
INFO:root:Detecting song's tempo with method CombFilterTempoDetector
INFO:root:Good tempo detection - acc2! 122.0 - ..\dataset\genres\metal\metal.00006.wav: 60
INFO:root:Detecting song's tempo with method CombFilterTempoDetector
INFO:root:Exptected 152.0 but detect 190 - ..\dataset\genres\metal\metal.00007.wav
INFO:root:Detecting song's tempo with method CombFilterTempoDetector
INFO:root:Exptected 120.0 but detect 176 - ..\dataset\genres\metal\metal.00008.wav
INFO:root:Detecting song's tempo with method CombFilterTempoDetector
INFO:root:Exptected 114.0 but detect 170 - ..\dataset\genres\metal\metal.00009.wav
INFO:root:Detecting song's tempo with method CombFilterTempoDetector
INFO:root:Exptected 67.0 but detect 100 - ..\dataset\genres\pop\pop.00000.wav
INFO:root:Detecting song's tempo with method CombFilterTempoDetector
INFO:root:Good tempo detection - acc1! 107.0 - ..\dataset\genres\pop\pop.00001.wav: 106
INFO:root:Detecting song's tempo with method CombFilterTempoDetector
INFO:root:Good tempo detection - acc1! 126.0 - ..\dataset\genres\pop\pop.00002.wav: 126
INFO:root:Detecting song's tempo with method CombFilterTempoDetector
INFO:root:Good tempo detection - acc2! 92.0 - ..\dataset\genres\pop\pop.00003.wav: 185
INFO:root:Detecting song's tempo with method CombFilterTempoDetector
INFO:root:Exptected 80.0 but detect 99 - ..\dataset\genres\pop\pop.00004.wav
INFO:root:Detecting song's tempo with method CombFilterTempoDetector
INFO:root:Good tempo detection - acc2! 86.0 - ..\dataset\genres\pop\pop.00005.wav: 173
INFO:root:Detecting song's tempo with method CombFilterTempoDetector
INFO:root:Exptected 93.0 but detect 70 - ..\dataset\genres\pop\pop.00006.wav
INFO:root:Detecting song's tempo with method CombFilterTempoDetector
INFO:root:Exptected 65.0 but detect 95 - ..\dataset\genres\pop\pop.00007.wav
INFO:root:Detecting song's tempo with method CombFilterTempoDetector
INFO:root:Good tempo detection - acc2! 84.0 - ..\dataset\genres\pop\pop.00008.wav: 168
INFO:root:Detecting song's tempo with method CombFilterTempoDetector
INFO:root:Good tempo detection - acc2! 105.0 - ..\dataset\genres\pop\pop.00009.wav: 211
INFO:root:Detecting song's tempo with method CombFilterTempoDetector
INFO:root:Good tempo detection - acc1! 122.0 - ..\dataset\genres\reggae\reggae.00000.wav: 122
INFO:root:Detecting song's tempo with method CombFilterTempoDetector
INFO:root:Good tempo detection - acc2! 78.0 - ..\dataset\genres\reggae\reggae.00001.wav: 155
INFO:root:Detecting song's tempo with method CombFilterTempoDetector
INFO:root:Good tempo detection - acc1! 103.0 - ..\dataset\genres\reggae\reggae.00002.wav: 103
INFO:root:Detecting song's tempo with method CombFilterTempoDetector
INFO:root:Good tempo detection - acc2! 74.0 - ..\dataset\genres\reggae\reggae.00003.wav: 148
INFO:root:Detecting song's tempo with method CombFilterTempoDetector
INFO:root:Good tempo detection - acc1! 125.0 - ..\dataset\genres\reggae\reggae.00004.wav: 125
INFO:root:Detecting song's tempo with method CombFilterTempoDetector
INFO:root:Good tempo detection - acc2! 78.0 - ..\dataset\genres\reggae\reggae.00005.wav: 155
INFO:root:Detecting song's tempo with method CombFilterTempoDetector
INFO:root:Good tempo detection - acc1! 75.0 - ..\dataset\genres\reggae\reggae.00006.wav: 75
INFO:root:Detecting song's tempo with method CombFilterTempoDetector
INFO:root:Good tempo detection - acc2! 76.0 - ..\dataset\genres\reggae\reggae.00007.wav: 152
INFO:root:Detecting song's tempo with method CombFilterTempoDetector
INFO:root:Good tempo detection - acc1! 96.0 - ..\dataset\genres\reggae\reggae.00008.wav: 96
INFO:root:Detecting song's tempo with method CombFilterTempoDetector
INFO:root:Exptected 79.0 but detect 99 - ..\dataset\genres\reggae\reggae.00009.wav
INFO:root:Detecting song's tempo with method CombFilterTempoDetector
INFO:root:Good tempo detection - acc2! 121.0 - ..\dataset\genres\rock\rock.00000.wav: 60
INFO:root:Detecting song's tempo with method CombFilterTempoDetector
INFO:root:Good tempo detection - acc2! 76.0 - ..\dataset\genres\rock\rock.00001.wav: 151
INFO:root:Detecting song's tempo with method CombFilterTempoDetector
INFO:root:Good tempo detection - acc1! 105.0 - ..\dataset\genres\rock\rock.00002.wav: 106
INFO:root:Detecting song's tempo with method CombFilterTempoDetector
INFO:root:Good tempo detection - acc1! 96.0 - ..\dataset\genres\rock\rock.00003.wav: 95
INFO:root:Detecting song's tempo with method CombFilterTempoDetector
INFO:root:Exptected 79.0 but detect 77 - ..\dataset\genres\rock\rock.00004.wav
INFO:root:Detecting song's tempo with method CombFilterTempoDetector
INFO:root:Good tempo detection - acc1! 100.0 - ..\dataset\genres\rock\rock.00005.wav: 99
INFO:root:Detecting song's tempo with method CombFilterTempoDetector
INFO:root:Good tempo detection - acc2! 57.0 - ..\dataset\genres\rock\rock.00006.wav: 115
INFO:root:Detecting song's tempo with method CombFilterTempoDetector
INFO:root:Good tempo detection - acc1! 90.0 - ..\dataset\genres\rock\rock.00007.wav: 90
INFO:root:Detecting song's tempo with method CombFilterTempoDetector
INFO:root:Exptected 90.0 but detect 220 - ..\dataset\genres\rock\rock.00008.wav
INFO:root:Detecting song's tempo with method CombFilterTempoDetector
INFO:root:Good tempo detection - acc1! 75.0 - ..\dataset\genres\rock\rock.00009.wav: 75
INFO:root:Tempo detector: CombFilterTempoDetector
INFO:root:All: 100
INFO:root:Good tempo - accuracy1: 37
INFO:root:Good tempo - accuracy2: 61
INFO:root:Bad: 39
INFO:root:Tempo accuracy1: 0.37
INFO:root:Tempo accuracy2: 0.61
INFO:root:Total time: 219.96211075782776
